<?xml version="1.0" encoding="UTF-8"?>
<!-- Generated by org.testng.reporters.JUnitXMLReporter -->
<testsuite ignored="0" hostname="DESKTOP-75RQCON" failures="0" tests="11" name="Test" time="321.079" errors="0" timestamp="2022-09-13T14:15:45 IST">
  <testcase classname="testjava.LoginTest" name="verifyLoginFunctionality" time="3.6"/>
  <testcase classname="testjava.LoginTest" name="verifyDashBoardRoationFinding" time="27.105"/>
  <testcase classname="testjava.LoginTest" name="verifyForBookingAssistance" time="31.847"/>
  <testcase classname="testjava.LoginTest" name="verifyUserMakePayment" time="24.042"/>
  <testcase classname="testjava.LoginTest" name="verifyUserUploadResume" time="14.849"/>
  <testcase classname="testjava.LoginTest" name="verifyPreceptorLogin" time="24.513"/>
  <testcase classname="testjava.LoginTest" name="verifyAcceptabceofStudent" time="5.178"/>
  <testcase classname="testjava.LoginTest" name="verifyPreceptorPaperworkCompletion" time="74.041"/>
  <testcase classname="testjava.LoginTest" name="verifySchoolAffiliationAgreementCompletion" time="23.473"/>
  <testcase classname="testjava.LoginTest" name="verifyStudentPayAndAcceptRotation" time="31.164"/>
  <testcase classname="testjava.LoginTest" name="verifyStudentpaidRemainingFees" time="61.079"/>
</testsuite> <!-- Test -->
