<?xml version="1.0" encoding="UTF-8"?>
<!-- Generated by org.testng.reporters.JUnitReportReporter -->
<testsuite hostname="DESKTOP-75RQCON" failures="0" tests="11" name="testjava.LoginTest" time="320.967" errors="0" timestamp="2022-09-13T14:15:48 IST" skipped="0">
  <testcase classname="testjava.LoginTest" name="verifyLoginFunctionality" time="3.602"/>
  <system-out>
    <![CDATA[Student Logged in Successfully]]>
  </system-out>
  <testcase classname="testjava.LoginTest" name="verifyDashBoardRoationFinding" time="27.116"/>
  <system-out>
    <![CDATA[Student Found Rotation]]>
  </system-out>
  <testcase classname="testjava.LoginTest" name="verifyForBookingAssistance" time="31.850"/>
  <system-out>
    <![CDATA[No of Hours Noted
Paper Work Due date noted
Rotation start date noted
Rotation End date noted
Please make payment to sent request to Preceptor]]>
  </system-out>
  <testcase classname="testjava.LoginTest" name="verifyUserMakePayment" time="24.044"/>
  <system-out>
    <![CDATA[Payment Done
Request sent to Preceptor successfully
Your Rotation Request ID is: #BRIGER6-4020

You’ve successfully requested your Geriatrics, clinical rotation in British Islands D.C., Virgin Islands.]]>
  </system-out>
  <testcase classname="testjava.LoginTest" name="verifyUserUploadResume" time="14.854"/>
  <system-out>
    <![CDATA[Resume Uploaded Successfully]]>
  </system-out>
  <testcase classname="testjava.LoginTest" name="verifyPreceptorLogin" time="24.552"/>
  <system-out>
    <![CDATA[Preceptor Login Succesfully]]>
  </system-out>
  <testcase classname="testjava.LoginTest" name="verifyAcceptabceofStudent" time="5.179"/>
  <system-out>
    <![CDATA[Student requested Accepted By Preceptor]]>
  </system-out>
  <testcase classname="testjava.LoginTest" name="verifyPreceptorPaperworkCompletion" time="74.043"/>
  <system-out>
    <![CDATA[First Form Accepted and Signed]]>
  </system-out>
  <testcase classname="testjava.LoginTest" name="verifyStudentPayAndAcceptRotation" time="31.172"/>
  <system-out>
    <![CDATA[Student need to pay remining fee in One time OR Installation]]>
  </system-out>
  <testcase classname="testjava.LoginTest" name="verifySchoolAffiliationAgreementCompletion" time="23.474"/>
  <system-out>
    <![CDATA[Second Form Accepted and Signed]]>
  </system-out>
  <testcase classname="testjava.LoginTest" name="verifyStudentpaidRemainingFees" time="61.081"/>
  <system-out>
    <![CDATA[Please accept Terms And Conditions
Terms And Conditions Accepted
Thank You, You have paid Remaining Fee 
All Documents have been Downloded]]>
  </system-out>
</testsuite> <!-- testjava.LoginTest -->
